GROUP,PACKAGE,CLASS,INSTRUCTION_MISSED,INSTRUCTION_COVERED,BRANCH_MISSED,BRANCH_COVERED,LINE_MISSED,LINE_COVERED,COMPLEXITY_MISSED,COMPLEXITY_COVERED,METHOD_MISSED,METHOD_COVERED
common-model,org.bremersee.common.model,AccessControlEntryModifications.AccessControlEntryModificationsBuilder,18,63,0,0,0,1,1,10,1,10
common-model,org.bremersee.common.model,JavaLocale,51,355,23,51,1,68,22,37,1,21
common-model,org.bremersee.common.model,Address.AddressBuilder,20,70,0,0,0,1,1,11,1,11
common-model,org.bremersee.common.model,JavaLocale.Separator,2,41,1,1,0,8,1,4,0,4
common-model,org.bremersee.common.model,JavaLocales,9,37,2,6,0,5,3,7,1,5
common-model,org.bremersee.common.model,ThreeLetterLanguageCodes,9,37,2,6,0,5,3,7,1,5
common-model,org.bremersee.common.model,ThreeLetterCountryCodes,9,37,2,6,0,5,3,7,1,5
common-model,org.bremersee.common.model,TwoLetterCountryCodes,9,37,2,6,0,5,3,7,1,5
common-model,org.bremersee.common.model,JavaLocaleDescription,42,96,9,13,0,14,8,15,1,11
common-model,org.bremersee.common.model,AccessControlListModifications.AccessControlListModificationsBuilder,6,21,0,0,0,1,1,4,1,4
common-model,org.bremersee.common.model,TwoLetterLanguageCode,11,2181,9,15,5,212,9,11,0,8
common-model,org.bremersee.common.model,Link.LinkBuilder,14,49,0,0,0,1,1,8,1,8
common-model,org.bremersee.common.model,AccessControlList.AccessControlListBuilder,6,21,0,0,0,1,1,4,1,4
common-model,org.bremersee.common.model,TimeZoneId,5,6981,2,12,3,645,2,13,0,8
common-model,org.bremersee.common.model,UnknownAware,37,189,13,39,7,40,13,29,1,15
common-model,org.bremersee.common.model,JavaLocale.JavaLocaleBuilder,6,21,0,0,0,1,1,4,1,4
common-model,org.bremersee.common.model,ThreeLetterLanguageCode,14,4347,12,20,6,300,12,22,0,18
common-model,org.bremersee.common.model,PhoneNumber.PhoneNumberBuilder,6,21,0,0,0,1,1,4,1,4
common-model,org.bremersee.common.model,ThreeLetterCountryCode,8,3175,8,14,3,286,8,20,0,17
common-model,org.bremersee.common.model,PhoneNumber,42,96,9,13,0,14,8,15,1,11
common-model,org.bremersee.common.model,TimeZoneIds,9,37,2,6,0,5,3,7,1,5
common-model,org.bremersee.common.model,JavaLocaleDescriptions,27,73,7,11,0,13,6,11,1,7
common-model,org.bremersee.common.model,MongoSearchLanguage,17,254,6,10,5,32,5,10,1,6
common-model,org.bremersee.common.model,Link,112,222,27,27,0,31,21,26,1,19
common-model,org.bremersee.common.model,AccessControlList,44,102,11,13,0,16,9,15,1,11
common-model,org.bremersee.common.model,AccessControlListModifications,44,102,11,13,0,16,9,15,1,11
common-model,org.bremersee.common.model,AccessControlEntry,95,190,23,23,0,27,18,23,1,17
common-model,org.bremersee.common.model,TwoLetterLanguageCodes,9,37,2,6,0,5,3,7,1,5
common-model,org.bremersee.common.model,AccessControlEntry.AccessControlEntryBuilder,12,42,0,0,0,1,1,7,1,7
common-model,org.bremersee.common.model,TwoLetterCountryCode,11,2914,9,15,5,277,9,11,0,8
common-model,org.bremersee.common.model,AccessControlEntryModifications,146,280,35,35,0,39,27,32,1,23
common-model,org.bremersee.common.model,Address,161,299,37,41,0,42,29,36,1,25
common-model,org.bremersee.common.model,JavaLocaleDescription.JavaLocaleDescriptionBuilder,6,21,0,0,0,1,1,4,1,4
common-model,org.bremersee.exception.model,StackTraceItem,76,178,17,21,0,26,14,21,1,15
common-model,org.bremersee.exception.model,RestApiException.RestApiExceptionBuilder,24,84,0,0,0,1,1,13,1,13
common-model,org.bremersee.exception.model,StackTraceItem.StackTraceItemBuilder,10,35,0,0,0,1,1,6,1,6
common-model,org.bremersee.exception.model,Handler,59,143,13,17,0,21,11,18,1,13
common-model,org.bremersee.exception.model,RestApiException,216,441,53,49,0,61,40,41,1,29
common-model,org.bremersee.exception.model,Handler.HandlerBuilder,8,28,0,0,0,1,1,5,1,5
common-model,org.bremersee.geojson.model,Polygon.PolygonBuilder,6,21,0,0,0,1,1,4,1,4
common-model,org.bremersee.geojson.model,LineString.LineStringBuilder,6,21,0,0,0,1,1,4,1,4
common-model,org.bremersee.geojson.model,Position,9,62,2,6,0,13,3,8,1,6
common-model,org.bremersee.geojson.model,FeatureCollection.FeatureCollectionBuilder,6,21,0,0,0,1,1,4,1,4
common-model,org.bremersee.geojson.model,MultiPolygon.MultiPolygonBuilder,6,21,0,0,0,1,1,4,1,4
common-model,org.bremersee.geojson.model,MultiLineString,28,89,6,10,0,14,6,12,1,9
common-model,org.bremersee.geojson.model,GeometryCollection,28,89,6,10,0,14,6,12,1,9
common-model,org.bremersee.geojson.model,FeatureCollection.TypeEnum,0,53,0,4,0,10,0,6,0,4
common-model,org.bremersee.geojson.model,Point,28,89,6,10,0,14,6,12,1,9
common-model,org.bremersee.geojson.model,MultiPoint.MultiPointBuilder,6,21,0,0,0,1,1,4,1,4
common-model,org.bremersee.geojson.model,GeometryCollection.GeometryCollectionBuilder,6,21,0,0,0,1,1,4,1,4
common-model,org.bremersee.geojson.model,MultiLineString.MultiLineStringBuilder,6,21,0,0,0,1,1,4,1,4
common-model,org.bremersee.geojson.model,Feature,95,205,23,23,0,30,18,23,1,17
common-model,org.bremersee.geojson.model,FeatureCollection,61,135,15,15,0,20,12,17,1,13
common-model,org.bremersee.geojson.model,MultiPoint,28,89,6,10,0,14,6,12,1,9
common-model,org.bremersee.geojson.model,Geometry,51,82,13,9,0,14,12,9,2,8
common-model,org.bremersee.geojson.model,Geometry.TypeEnum,0,119,0,4,0,16,0,6,0,4
common-model,org.bremersee.geojson.model,Polygon,28,89,6,10,0,14,6,12,1,9
common-model,org.bremersee.geojson.model,Feature.FeatureBuilder,10,35,0,0,0,1,1,6,1,6
common-model,org.bremersee.geojson.model,LineString,28,89,6,10,0,14,6,12,1,9
common-model,org.bremersee.geojson.model,Point.PointBuilder,6,21,0,0,0,1,1,4,1,4
common-model,org.bremersee.geojson.model,MultiPolygon,28,89,6,10,0,14,6,12,1,9
common-model,org.bremersee.geojson.model,BoundingBox,9,37,2,6,0,5,3,7,1,5
common-model,org.bremersee.geojson.model,Feature.TypeEnum,0,53,0,4,0,10,0,6,0,4
